<?xml version="1.0" encoding="UTF-8"?>
<!-- Generated by org.testng.reporters.JUnitReportReporter -->
<testsuite skipped="0" hostname="DESKTOP-BR47L0L" name="com.Webtours.Tests.RegisterTest" tests="1" failures="0" timestamp="2020-04-08T16:34:49 IST" time="19.189" errors="0">
  <testcase name="registerTest" time="19.189" classname="com.Webtours.Tests.RegisterTest"/>
  <system-out/>
</testsuite> <!-- com.Webtours.Tests.RegisterTest -->
