<?xml version="1.0" encoding="UTF-8"?>
<!-- Generated by org.testng.reporters.JUnitReportReporter -->
<testsuite skipped="0" hostname="DESKTOP-BR47L0L" name="com.Webtours.Tests.HomePageTest" tests="1" failures="0" timestamp="2020-04-09T14:01:05 IST" time="15.834" errors="0">
  <testcase name="signOnTest" time="15.834" classname="com.Webtours.Tests.HomePageTest"/>
  <system-out/>
</testsuite> <!-- com.Webtours.Tests.HomePageTest -->
