<?xml version="1.0" encoding="UTF-8"?>
<!-- Generated by org.testng.reporters.JUnitReportReporter -->
<testsuite skipped="0" hostname="DESKTOP-BR47L0L" name="HomePageTest" tests="1" failures="0" timestamp="2020-04-08T15:59:42 IST" time="18.179" errors="0">
  <testcase name="signOnTest" time="18.179" classname="HomePageTest"/>
  <system-out/>
</testsuite> <!-- HomePageTest -->
